2017-08-02 14:13:38 dev_log : [INFO] 连接appium服务器
2017-08-02 14:30:11 dev_log : [INFO] 连接appium服务器
2017-08-02 14:31:30 dev_log : [INFO] 连接appium服务器
2017-08-02 14:32:24 dev_log : [INFO] 连接appium服务器
2017-08-02 14:41:22 dev_log : [INFO] 连接appium服务器
2017-08-02 14:42:32 dev_log : [INFO] 连接appium服务器
2017-08-02 14:43:03 dev_log : [INFO] 连接appium服务器
2017-08-02 14:46:23 dev_log : [INFO] 连接appium服务器
2017-08-02 14:47:18 dev_log : [INFO] 连接appium服务器
2017-08-02 14:47:37 dev_log : [INFO] 连接appium服务器
2017-08-02 14:50:45 dev_log : [INFO] 连接appium服务器
2017-08-02 14:52:32 dev_log : [INFO] 连接appium服务器
2017-08-02 14:55:10 dev_log : [INFO] 连接appium服务器
2017-08-02 14:56:49 dev_log : [INFO] 连接appium服务器
2017-08-02 14:57:27 dev_log : [INFO] 连接appium服务器
2017-08-02 14:57:49 dev_log : [INFO] 连接appium服务器
2017-08-02 15:14:00 dev_log : [INFO] 连接appium服务器
2017-08-02 15:17:43 dev_log : [INFO] 连接appium服务器
2017-08-02 15:18:55 dev_log : [INFO] 连接appium服务器
2017-08-02 15:19:15 dev_log : [INFO] 连接appium服务器
2017-08-02 15:31:40 dev_log : [INFO] 连接appium服务器
2017-08-02 15:32:04 dev_log : [INFO] 连接appium服务器
2017-08-02 15:32:28 dev_log : [INFO] 连接appium服务器
2017-08-02 15:35:27 dev_log : [INFO] 连接appium服务器
2017-08-02 15:37:02 dev_log : [INFO] 连接appium服务器
2017-08-02 15:39:15 dev_log : [INFO] 连接appium服务器
2017-08-02 15:40:41 dev_log : [INFO] 连接appium服务器
2017-08-02 15:41:04 dev_log : [INFO] [输入字符 -> id: com.icarbonx.meum:id/etPhone]
2017-08-02 15:41:10 dev_log : [INFO] [输入字符 -> id: com.icarbonx.meum:id/etVerify]
2017-08-02 15:41:15 dev_log : [INFO] [点击 -> id: com.icarbonx.meum:id/btn_login]
2017-08-02 17:16:55 dev_log : [INFO] X为:720Y为：1280
2017-08-02 17:17:02 dev_log : [INFO] X为:720Y为：1280
2017-08-02 17:17:12 dev_log : [INFO] X为:720Y为：1280
